
*** Running vivado
    with args -log mips_fpga.vds -m64 -product Vivado -mode batch -messageDb vivado.pb -notrace -source mips_fpga.tcl


****** Vivado v2019.1 (64-bit)
  **** SW Build 2552052 on Fri May 24 14:49:42 MDT 2019
  **** IP Build 2548770 on Fri May 24 18:01:18 MDT 2019
    ** Copyright 1986-2019 Xilinx, Inc. All Rights Reserved.

source mips_fpga.tcl -notrace
Command: synth_design -top mips_fpga -part xc7a35tcpg236-1
Starting synth_design
Attempting to get a license for feature 'Synthesis' and/or device 'xc7a35t'
INFO: [Common 17-349] Got license for feature 'Synthesis' and/or device 'xc7a35t'
INFO: [Device 21-403] Loading part xc7a35tcpg236-1
INFO: Launching helper process for spawning children vivado processes
INFO: Helper process launched with PID 9112 
---------------------------------------------------------------------------------
Starting RTL Elaboration : Time (s): cpu = 00:00:05 ; elapsed = 00:00:07 . Memory (MB): peak = 675.066 ; gain = 177.957
---------------------------------------------------------------------------------
INFO: [Synth 8-6157] synthesizing module 'mips_fpga' [//vmware-host/Shared Folders/Desktop/basys3_single_cycle_mips_validation/mips_fpga.v:1]
INFO: [Synth 8-6157] synthesizing module 'clk_gen' [//vmware-host/Shared Folders/Desktop/basys3_single_cycle_mips_validation/clk_gen.v:1]
INFO: [Synth 8-6155] done synthesizing module 'clk_gen' (1#1) [//vmware-host/Shared Folders/Desktop/basys3_single_cycle_mips_validation/clk_gen.v:1]
INFO: [Synth 8-6157] synthesizing module 'button_debouncer' [//vmware-host/Shared Folders/Desktop/basys3_single_cycle_mips_validation/button_debouncer.v:1]
	Parameter depth bound to: 16 - type: integer 
	Parameter history_max bound to: 65535 - type: integer 
INFO: [Synth 8-6155] done synthesizing module 'button_debouncer' (2#1) [//vmware-host/Shared Folders/Desktop/basys3_single_cycle_mips_validation/button_debouncer.v:1]
INFO: [Synth 8-6157] synthesizing module 'mips_top' [//vmware-host/Shared Folders/Desktop/lab5_processor_design_1/single_cycle_mips_source_initial/mips/mips_top.v:1]
INFO: [Synth 8-6157] synthesizing module 'mips' [//vmware-host/Shared Folders/Desktop/lab5_processor_design_1/single_cycle_mips_source_initial/mips/mips.v:1]
INFO: [Synth 8-6157] synthesizing module 'datapath' [//vmware-host/Shared Folders/Desktop/lab5_processor_design_1/single_cycle_mips_source_initial/datapath/datapath.v:1]
INFO: [Synth 8-6157] synthesizing module 'dreg' [//vmware-host/Shared Folders/Desktop/lab5_processor_design_1/single_cycle_mips_source_initial/datapath/dreg.v:1]
	Parameter WIDTH bound to: 32 - type: integer 
INFO: [Synth 8-6155] done synthesizing module 'dreg' (3#1) [//vmware-host/Shared Folders/Desktop/lab5_processor_design_1/single_cycle_mips_source_initial/datapath/dreg.v:1]
INFO: [Synth 8-6157] synthesizing module 'adder' [//vmware-host/Shared Folders/Desktop/lab5_processor_design_1/single_cycle_mips_source_initial/datapath/adder.v:1]
INFO: [Synth 8-6155] done synthesizing module 'adder' (4#1) [//vmware-host/Shared Folders/Desktop/lab5_processor_design_1/single_cycle_mips_source_initial/datapath/adder.v:1]
INFO: [Synth 8-6157] synthesizing module 'mux2' [//vmware-host/Shared Folders/Desktop/lab5_processor_design_1/single_cycle_mips_source_initial/datapath/mux2.v:1]
	Parameter WIDTH bound to: 32 - type: integer 
INFO: [Synth 8-6155] done synthesizing module 'mux2' (5#1) [//vmware-host/Shared Folders/Desktop/lab5_processor_design_1/single_cycle_mips_source_initial/datapath/mux2.v:1]
INFO: [Synth 8-6157] synthesizing module 'mux2__parameterized0' [//vmware-host/Shared Folders/Desktop/lab5_processor_design_1/single_cycle_mips_source_initial/datapath/mux2.v:1]
	Parameter WIDTH bound to: 5 - type: integer 
INFO: [Synth 8-6155] done synthesizing module 'mux2__parameterized0' (5#1) [//vmware-host/Shared Folders/Desktop/lab5_processor_design_1/single_cycle_mips_source_initial/datapath/mux2.v:1]
INFO: [Synth 8-6157] synthesizing module 'regfile' [//vmware-host/Shared Folders/Desktop/lab5_processor_design_1/single_cycle_mips_source_initial/datapath/regfile.v:1]
INFO: [Synth 8-6155] done synthesizing module 'regfile' (6#1) [//vmware-host/Shared Folders/Desktop/lab5_processor_design_1/single_cycle_mips_source_initial/datapath/regfile.v:1]
INFO: [Synth 8-6157] synthesizing module 'signext' [//vmware-host/Shared Folders/Desktop/lab5_processor_design_1/single_cycle_mips_source_initial/datapath/signext.v:1]
INFO: [Synth 8-6155] done synthesizing module 'signext' (7#1) [//vmware-host/Shared Folders/Desktop/lab5_processor_design_1/single_cycle_mips_source_initial/datapath/signext.v:1]
INFO: [Synth 8-6157] synthesizing module 'shift_mux' [C:/Users/Bobby  Haus/lab5/lab5.srcs/sources_1/new/shift_mux.v:23]
INFO: [Synth 8-6155] done synthesizing module 'shift_mux' (8#1) [C:/Users/Bobby  Haus/lab5/lab5.srcs/sources_1/new/shift_mux.v:23]
INFO: [Synth 8-6157] synthesizing module 'Multu' [C:/Users/Bobby  Haus/lab5/lab5.srcs/sources_1/new/multu.v:22]
INFO: [Synth 8-6155] done synthesizing module 'Multu' (9#1) [C:/Users/Bobby  Haus/lab5/lab5.srcs/sources_1/new/multu.v:22]
INFO: [Synth 8-6157] synthesizing module 'Mflo' [C:/Users/Bobby  Haus/lab5/lab5.srcs/sources_1/new/Mflo.v:23]
INFO: [Synth 8-6155] done synthesizing module 'Mflo' (10#1) [C:/Users/Bobby  Haus/lab5/lab5.srcs/sources_1/new/Mflo.v:23]
INFO: [Synth 8-6157] synthesizing module 'Mfhi' [C:/Users/Bobby  Haus/lab5/lab5.srcs/sources_1/new/Mfhi.v:22]
INFO: [Synth 8-6155] done synthesizing module 'Mfhi' (11#1) [C:/Users/Bobby  Haus/lab5/lab5.srcs/sources_1/new/Mfhi.v:22]
INFO: [Synth 8-6157] synthesizing module 'alu' [//vmware-host/Shared Folders/Desktop/lab5_processor_design_1/single_cycle_mips_source_initial/datapath/alu.v:1]
INFO: [Synth 8-6155] done synthesizing module 'alu' (12#1) [//vmware-host/Shared Folders/Desktop/lab5_processor_design_1/single_cycle_mips_source_initial/datapath/alu.v:1]
INFO: [Synth 8-6155] done synthesizing module 'datapath' (13#1) [//vmware-host/Shared Folders/Desktop/lab5_processor_design_1/single_cycle_mips_source_initial/datapath/datapath.v:1]
INFO: [Synth 8-6157] synthesizing module 'controlunit' [//vmware-host/Shared Folders/Desktop/lab5_processor_design_1/single_cycle_mips_source_initial/control_unit/controlunit.v:1]
INFO: [Synth 8-6157] synthesizing module 'maindec' [//vmware-host/Shared Folders/Desktop/lab5_processor_design_1/single_cycle_mips_source_initial/control_unit/maindec.v:1]
INFO: [Synth 8-6155] done synthesizing module 'maindec' (14#1) [//vmware-host/Shared Folders/Desktop/lab5_processor_design_1/single_cycle_mips_source_initial/control_unit/maindec.v:1]
INFO: [Synth 8-6157] synthesizing module 'auxdec' [//vmware-host/Shared Folders/Desktop/lab5_processor_design_1/single_cycle_mips_source_initial/control_unit/auxdec.v:1]
INFO: [Synth 8-6155] done synthesizing module 'auxdec' (15#1) [//vmware-host/Shared Folders/Desktop/lab5_processor_design_1/single_cycle_mips_source_initial/control_unit/auxdec.v:1]
INFO: [Synth 8-6155] done synthesizing module 'controlunit' (16#1) [//vmware-host/Shared Folders/Desktop/lab5_processor_design_1/single_cycle_mips_source_initial/control_unit/controlunit.v:1]
INFO: [Synth 8-6155] done synthesizing module 'mips' (17#1) [//vmware-host/Shared Folders/Desktop/lab5_processor_design_1/single_cycle_mips_source_initial/mips/mips.v:1]
INFO: [Synth 8-6157] synthesizing module 'imem' [//vmware-host/Shared Folders/Desktop/lab5_processor_design_1/single_cycle_mips_source_initial/memory/imem.v:1]
INFO: [Synth 8-3876] $readmem data file 'memory.mem' is read successfully [//vmware-host/Shared Folders/Desktop/lab5_processor_design_1/single_cycle_mips_source_initial/memory/imem.v:9]
INFO: [Synth 8-6155] done synthesizing module 'imem' (18#1) [//vmware-host/Shared Folders/Desktop/lab5_processor_design_1/single_cycle_mips_source_initial/memory/imem.v:1]
INFO: [Synth 8-6157] synthesizing module 'dmem' [//vmware-host/Shared Folders/Desktop/lab5_processor_design_1/single_cycle_mips_source_initial/memory/dmem.v:1]
INFO: [Synth 8-6155] done synthesizing module 'dmem' (19#1) [//vmware-host/Shared Folders/Desktop/lab5_processor_design_1/single_cycle_mips_source_initial/memory/dmem.v:1]
INFO: [Synth 8-6155] done synthesizing module 'mips_top' (20#1) [//vmware-host/Shared Folders/Desktop/lab5_processor_design_1/single_cycle_mips_source_initial/mips/mips_top.v:1]
INFO: [Synth 8-6157] synthesizing module 'hex_to_7seg' [//vmware-host/Shared Folders/Desktop/basys3_single_cycle_mips_validation/hex_to_7seg.v:1]
INFO: [Synth 8-226] default block is never used [//vmware-host/Shared Folders/Desktop/basys3_single_cycle_mips_validation/hex_to_7seg.v:7]
INFO: [Synth 8-6155] done synthesizing module 'hex_to_7seg' (21#1) [//vmware-host/Shared Folders/Desktop/basys3_single_cycle_mips_validation/hex_to_7seg.v:1]
INFO: [Synth 8-6157] synthesizing module 'led_mux' [//vmware-host/Shared Folders/Desktop/basys3_single_cycle_mips_validation/led_mux.v:1]
INFO: [Synth 8-226] default block is never used [//vmware-host/Shared Folders/Desktop/basys3_single_cycle_mips_validation/led_mux.v:20]
INFO: [Synth 8-6155] done synthesizing module 'led_mux' (22#1) [//vmware-host/Shared Folders/Desktop/basys3_single_cycle_mips_validation/led_mux.v:1]
INFO: [Synth 8-6155] done synthesizing module 'mips_fpga' (23#1) [//vmware-host/Shared Folders/Desktop/basys3_single_cycle_mips_validation/mips_fpga.v:1]
WARNING: [Synth 8-3331] design datapath has unconnected port instr[31]
WARNING: [Synth 8-3331] design datapath has unconnected port instr[30]
WARNING: [Synth 8-3331] design datapath has unconnected port instr[29]
WARNING: [Synth 8-3331] design datapath has unconnected port instr[28]
WARNING: [Synth 8-3331] design datapath has unconnected port instr[27]
WARNING: [Synth 8-3331] design datapath has unconnected port instr[26]
---------------------------------------------------------------------------------
Finished RTL Elaboration : Time (s): cpu = 00:00:06 ; elapsed = 00:00:09 . Memory (MB): peak = 738.555 ; gain = 241.445
---------------------------------------------------------------------------------

Report Check Netlist: 
+------+------------------+-------+---------+-------+------------------+
|      |Item              |Errors |Warnings |Status |Description       |
+------+------------------+-------+---------+-------+------------------+
|1     |multi_driven_nets |      0|        0|Passed |Multi driven nets |
+------+------------------+-------+---------+-------+------------------+
---------------------------------------------------------------------------------
Start Handling Custom Attributes
---------------------------------------------------------------------------------
---------------------------------------------------------------------------------
Finished Handling Custom Attributes : Time (s): cpu = 00:00:07 ; elapsed = 00:00:09 . Memory (MB): peak = 738.555 ; gain = 241.445
---------------------------------------------------------------------------------
---------------------------------------------------------------------------------
Finished RTL Optimization Phase 1 : Time (s): cpu = 00:00:07 ; elapsed = 00:00:09 . Memory (MB): peak = 738.555 ; gain = 241.445
---------------------------------------------------------------------------------
INFO: [Project 1-570] Preparing netlist for logic optimization

Processing XDC Constraints
Initializing timing engine
Parsing XDC File [C:/Users/Bobby  Haus/lab5/lab5.srcs/constrs_1/new/lab6_fpga.xdc]
Finished Parsing XDC File [C:/Users/Bobby  Haus/lab5/lab5.srcs/constrs_1/new/lab6_fpga.xdc]
INFO: [Project 1-236] Implementation specific constraints were found while reading constraint file [C:/Users/Bobby  Haus/lab5/lab5.srcs/constrs_1/new/lab6_fpga.xdc]. These constraints will be ignored for synthesis but will be used in implementation. Impacted constraints are listed in the file [.Xil/mips_fpga_propImpl.xdc].
Resolution: To avoid this warning, move constraints listed in [.Xil/mips_fpga_propImpl.xdc] to another XDC file and exclude this new file from synthesis with the used_in_synthesis property (File Properties dialog in GUI) and re-run elaboration/synthesis.
Completed Processing XDC Constraints

Netlist sorting complete. Time (s): cpu = 00:00:00 ; elapsed = 00:00:00 . Memory (MB): peak = 854.824 ; gain = 0.000
INFO: [Project 1-111] Unisim Transformation Summary:
No Unisim elements were transformed.

Constraint Validation Runtime : Time (s): cpu = 00:00:00 ; elapsed = 00:00:00.007 . Memory (MB): peak = 854.824 ; gain = 0.000
---------------------------------------------------------------------------------
Finished Constraint Validation : Time (s): cpu = 00:00:16 ; elapsed = 00:00:21 . Memory (MB): peak = 854.824 ; gain = 357.715
---------------------------------------------------------------------------------
---------------------------------------------------------------------------------
Start Loading Part and Timing Information
---------------------------------------------------------------------------------
Loading part: xc7a35tcpg236-1
---------------------------------------------------------------------------------
Finished Loading Part and Timing Information : Time (s): cpu = 00:00:16 ; elapsed = 00:00:21 . Memory (MB): peak = 854.824 ; gain = 357.715
---------------------------------------------------------------------------------
---------------------------------------------------------------------------------
Start Applying 'set_property' XDC Constraints
---------------------------------------------------------------------------------
---------------------------------------------------------------------------------
Finished applying 'set_property' XDC Constraints : Time (s): cpu = 00:00:16 ; elapsed = 00:00:21 . Memory (MB): peak = 854.824 ; gain = 357.715
---------------------------------------------------------------------------------
INFO: [Synth 8-5845] Not enough pipeline registers after wide multiplier. Recommended levels of pipeline registers is 4 [C:/Users/Bobby  Haus/lab5/lab5.srcs/sources_1/new/multu.v:24]
INFO: [Synth 8-5546] ROM "rom" won't be mapped to RAM because it is too sparse
---------------------------------------------------------------------------------
Finished RTL Optimization Phase 2 : Time (s): cpu = 00:00:17 ; elapsed = 00:00:22 . Memory (MB): peak = 854.824 ; gain = 357.715
---------------------------------------------------------------------------------

Report RTL Partitions: 
+-+--------------+------------+----------+
| |RTL Partition |Replication |Instances |
+-+--------------+------------+----------+
+-+--------------+------------+----------+
---------------------------------------------------------------------------------
Start RTL Component Statistics 
---------------------------------------------------------------------------------
Detailed RTL Component Info : 
+---Adders : 
	   2 Input     64 Bit       Adders := 1     
	   2 Input     32 Bit       Adders := 5     
	   3 Input     32 Bit       Adders := 1     
	   2 Input      2 Bit       Adders := 1     
+---Registers : 
	               32 Bit    Registers := 5     
	               16 Bit    Registers := 2     
	                2 Bit    Registers := 1     
	                1 Bit    Registers := 3     
+---Muxes : 
	   2 Input     32 Bit        Muxes := 16    
	  23 Input     32 Bit        Muxes := 1     
	   4 Input     12 Bit        Muxes := 1     
	   8 Input      8 Bit        Muxes := 1     
	  14 Input      6 Bit        Muxes := 1     
	   2 Input      5 Bit        Muxes := 2     
	  14 Input      3 Bit        Muxes := 1     
---------------------------------------------------------------------------------
Finished RTL Component Statistics 
---------------------------------------------------------------------------------
---------------------------------------------------------------------------------
Start RTL Hierarchical Component Statistics 
---------------------------------------------------------------------------------
Hierarchical RTL Component report 
Module mips_fpga 
Detailed RTL Component Info : 
+---Registers : 
	               16 Bit    Registers := 1     
Module clk_gen 
Detailed RTL Component Info : 
+---Adders : 
	   2 Input     32 Bit       Adders := 2     
+---Registers : 
	               32 Bit    Registers := 2     
	                1 Bit    Registers := 2     
+---Muxes : 
	   2 Input     32 Bit        Muxes := 2     
Module button_debouncer 
Detailed RTL Component Info : 
+---Registers : 
	               16 Bit    Registers := 1     
	                1 Bit    Registers := 1     
Module dreg 
Detailed RTL Component Info : 
+---Registers : 
	               32 Bit    Registers := 1     
Module adder 
Detailed RTL Component Info : 
+---Adders : 
	   2 Input     32 Bit       Adders := 1     
Module mux2 
Detailed RTL Component Info : 
+---Muxes : 
	   2 Input     32 Bit        Muxes := 1     
Module mux2__parameterized0 
Detailed RTL Component Info : 
+---Muxes : 
	   2 Input      5 Bit        Muxes := 1     
Module regfile 
Detailed RTL Component Info : 
+---Muxes : 
	   2 Input     32 Bit        Muxes := 3     
Module shift_mux 
Detailed RTL Component Info : 
+---Muxes : 
	   2 Input     32 Bit        Muxes := 1     
Module Multu 
Detailed RTL Component Info : 
+---Adders : 
	   2 Input     64 Bit       Adders := 1     
Module Mflo 
Detailed RTL Component Info : 
+---Registers : 
	               32 Bit    Registers := 1     
+---Muxes : 
	   2 Input     32 Bit        Muxes := 1     
Module Mfhi 
Detailed RTL Component Info : 
+---Registers : 
	               32 Bit    Registers := 1     
+---Muxes : 
	   2 Input     32 Bit        Muxes := 1     
Module alu 
Detailed RTL Component Info : 
+---Adders : 
	   2 Input     32 Bit       Adders := 1     
	   3 Input     32 Bit       Adders := 1     
Module maindec 
Detailed RTL Component Info : 
+---Muxes : 
	   8 Input      8 Bit        Muxes := 1     
Module auxdec 
Detailed RTL Component Info : 
+---Muxes : 
	  14 Input      6 Bit        Muxes := 1     
	  14 Input      3 Bit        Muxes := 1     
Module imem 
Detailed RTL Component Info : 
+---Muxes : 
	  23 Input     32 Bit        Muxes := 1     
Module led_mux 
Detailed RTL Component Info : 
+---Adders : 
	   2 Input      2 Bit       Adders := 1     
+---Registers : 
	                2 Bit    Registers := 1     
+---Muxes : 
	   4 Input     12 Bit        Muxes := 1     
---------------------------------------------------------------------------------
Finished RTL Hierarchical Component Statistics
---------------------------------------------------------------------------------
---------------------------------------------------------------------------------
Start Part Resource Summary
---------------------------------------------------------------------------------
Part Resources:
DSPs: 90 (col length:60)
BRAMs: 100 (col length: RAMB18 60 RAMB36 30)
---------------------------------------------------------------------------------
Finished Part Resource Summary
---------------------------------------------------------------------------------
---------------------------------------------------------------------------------
Start Cross Boundary and Area Optimization
---------------------------------------------------------------------------------
Warning: Parallel synthesis criteria is not met 
DSP Report: Generating DSP dp/multiply/mult, operation Mode is: A*B.
DSP Report: operator dp/multiply/mult is absorbed into DSP dp/multiply/mult.
DSP Report: operator dp/multiply/mult is absorbed into DSP dp/multiply/mult.
DSP Report: Generating DSP dp/multiply/mult, operation Mode is: (PCIN>>17)+A*B.
DSP Report: operator dp/multiply/mult is absorbed into DSP dp/multiply/mult.
DSP Report: operator dp/multiply/mult is absorbed into DSP dp/multiply/mult.
DSP Report: Generating DSP dp/multiply/mult, operation Mode is: A*B.
DSP Report: operator dp/multiply/mult is absorbed into DSP dp/multiply/mult.
DSP Report: operator dp/multiply/mult is absorbed into DSP dp/multiply/mult.
DSP Report: Generating DSP dp/multiply/mult, operation Mode is: (PCIN>>17)+A*B.
DSP Report: operator dp/multiply/mult is absorbed into DSP dp/multiply/mult.
DSP Report: operator dp/multiply/mult is absorbed into DSP dp/multiply/mult.
WARNING: [Synth 8-3331] design imem has unconnected port a[5]
---------------------------------------------------------------------------------
Finished Cross Boundary and Area Optimization : Time (s): cpu = 00:00:32 ; elapsed = 00:00:39 . Memory (MB): peak = 854.824 ; gain = 357.715
---------------------------------------------------------------------------------
---------------------------------------------------------------------------------
Start ROM, RAM, DSP and Shift Register Reporting
---------------------------------------------------------------------------------

Distributed RAM: Preliminary Mapping  Report (see note below)
+------------+----------------------------+-----------+----------------------+-----------------+
|Module Name | RTL Object                 | Inference | Size (Depth x Width) | Primitives      | 
+------------+----------------------------+-----------+----------------------+-----------------+
|mips_fpga   | mips_top/mips/dp/rf/rf_reg | Implied   | 32 x 32              | RAM32M x 18     | 
|mips_fpga   | mips_top/dmem/ram_reg      | Implied   | 64 x 32              | RAM64X1S x 32   | 
+------------+----------------------------+-----------+----------------------+-----------------+

Note: The table above is a preliminary report that shows the Distributed RAMs at the current stage of the synthesis flow. Some Distributed RAMs may be reimplemented as non Distributed RAM primitives later in the synthesis flow. Multiple instantiated RAMs are reported only once.

DSP: Preliminary Mapping  Report (see note below)
+------------+----------------+--------+--------+--------+--------+--------+------+------+------+------+-------+------+------+
|Module Name | DSP Mapping    | A Size | B Size | C Size | D Size | P Size | AREG | BREG | CREG | DREG | ADREG | MREG | PREG | 
+------------+----------------+--------+--------+--------+--------+--------+------+------+------+------+-------+------+------+
|Multu       | A*B            | 18     | 18     | -      | -      | 48     | 0    | 0    | -    | -    | -     | 0    | 0    | 
|Multu       | (PCIN>>17)+A*B | 18     | 16     | -      | -      | 47     | 0    | 0    | -    | -    | -     | 0    | 0    | 
|Multu       | A*B            | 18     | 16     | -      | -      | 48     | 0    | 0    | -    | -    | -     | 0    | 0    | 
|Multu       | (PCIN>>17)+A*B | 16     | 16     | -      | -      | 30     | 0    | 0    | -    | -    | -     | 0    | 0    | 
+------------+----------------+--------+--------+--------+--------+--------+------+------+------+------+-------+------+------+

Note: The table above is a preliminary report that shows the DSPs inferred at the current stage of the synthesis flow. Some DSP may be reimplemented as non DSP primitives later in the synthesis flow. Multiple instantiated DSPs are reported only once.
---------------------------------------------------------------------------------
Finished ROM, RAM, DSP and Shift Register Reporting
---------------------------------------------------------------------------------

Report RTL Partitions: 
+-+--------------+------------+----------+
| |RTL Partition |Replication |Instances |
+-+--------------+------------+----------+
+-+--------------+------------+----------+
---------------------------------------------------------------------------------
Start Applying XDC Timing Constraints
---------------------------------------------------------------------------------
---------------------------------------------------------------------------------
Finished Applying XDC Timing Constraints : Time (s): cpu = 00:00:50 ; elapsed = 00:00:59 . Memory (MB): peak = 879.457 ; gain = 382.348
---------------------------------------------------------------------------------
---------------------------------------------------------------------------------
Start Timing Optimization
---------------------------------------------------------------------------------
---------------------------------------------------------------------------------
Finished Timing Optimization : Time (s): cpu = 00:00:50 ; elapsed = 00:00:59 . Memory (MB): peak = 899.859 ; gain = 402.750
---------------------------------------------------------------------------------
---------------------------------------------------------------------------------
Start ROM, RAM, DSP and Shift Register Reporting
---------------------------------------------------------------------------------

Distributed RAM: Final Mapping  Report
+------------+----------------------------+-----------+----------------------+-----------------+
|Module Name | RTL Object                 | Inference | Size (Depth x Width) | Primitives      | 
+------------+----------------------------+-----------+----------------------+-----------------+
|mips_fpga   | mips_top/mips/dp/rf/rf_reg | Implied   | 32 x 32              | RAM32M x 18     | 
|mips_fpga   | mips_top/dmem/ram_reg      | Implied   | 64 x 32              | RAM64X1S x 32   | 
+------------+----------------------------+-----------+----------------------+-----------------+

---------------------------------------------------------------------------------
Finished ROM, RAM, DSP and Shift Register Reporting
---------------------------------------------------------------------------------

Report RTL Partitions: 
+-+--------------+------------+----------+
| |RTL Partition |Replication |Instances |
+-+--------------+------------+----------+
+-+--------------+------------+----------+
---------------------------------------------------------------------------------
Start Technology Mapping
---------------------------------------------------------------------------------
---------------------------------------------------------------------------------
Finished Technology Mapping : Time (s): cpu = 00:00:52 ; elapsed = 00:01:01 . Memory (MB): peak = 976.020 ; gain = 478.910
---------------------------------------------------------------------------------

Report RTL Partitions: 
+-+--------------+------------+----------+
| |RTL Partition |Replication |Instances |
+-+--------------+------------+----------+
+-+--------------+------------+----------+
---------------------------------------------------------------------------------
Start IO Insertion
---------------------------------------------------------------------------------
---------------------------------------------------------------------------------
Start Flattening Before IO Insertion
---------------------------------------------------------------------------------
---------------------------------------------------------------------------------
Finished Flattening Before IO Insertion
---------------------------------------------------------------------------------
---------------------------------------------------------------------------------
Start Final Netlist Cleanup
---------------------------------------------------------------------------------
---------------------------------------------------------------------------------
Finished Final Netlist Cleanup
---------------------------------------------------------------------------------
---------------------------------------------------------------------------------
Finished IO Insertion : Time (s): cpu = 00:00:55 ; elapsed = 00:01:06 . Memory (MB): peak = 980.824 ; gain = 483.715
---------------------------------------------------------------------------------

Report Check Netlist: 
+------+------------------+-------+---------+-------+------------------+
|      |Item              |Errors |Warnings |Status |Description       |
+------+------------------+-------+---------+-------+------------------+
|1     |multi_driven_nets |      0|        0|Passed |Multi driven nets |
+------+------------------+-------+---------+-------+------------------+
---------------------------------------------------------------------------------
Start Renaming Generated Instances
---------------------------------------------------------------------------------
---------------------------------------------------------------------------------
Finished Renaming Generated Instances : Time (s): cpu = 00:00:55 ; elapsed = 00:01:06 . Memory (MB): peak = 980.824 ; gain = 483.715
---------------------------------------------------------------------------------

Report RTL Partitions: 
+-+--------------+------------+----------+
| |RTL Partition |Replication |Instances |
+-+--------------+------------+----------+
+-+--------------+------------+----------+
---------------------------------------------------------------------------------
Start Rebuilding User Hierarchy
---------------------------------------------------------------------------------
---------------------------------------------------------------------------------
Finished Rebuilding User Hierarchy : Time (s): cpu = 00:00:56 ; elapsed = 00:01:06 . Memory (MB): peak = 980.824 ; gain = 483.715
---------------------------------------------------------------------------------
---------------------------------------------------------------------------------
Start Renaming Generated Ports
---------------------------------------------------------------------------------
---------------------------------------------------------------------------------
Finished Renaming Generated Ports : Time (s): cpu = 00:00:56 ; elapsed = 00:01:06 . Memory (MB): peak = 980.824 ; gain = 483.715
---------------------------------------------------------------------------------
---------------------------------------------------------------------------------
Start Handling Custom Attributes
---------------------------------------------------------------------------------
---------------------------------------------------------------------------------
Finished Handling Custom Attributes : Time (s): cpu = 00:00:56 ; elapsed = 00:01:07 . Memory (MB): peak = 980.824 ; gain = 483.715
---------------------------------------------------------------------------------
---------------------------------------------------------------------------------
Start Renaming Generated Nets
---------------------------------------------------------------------------------
---------------------------------------------------------------------------------
Finished Renaming Generated Nets : Time (s): cpu = 00:00:56 ; elapsed = 00:01:07 . Memory (MB): peak = 980.824 ; gain = 483.715
---------------------------------------------------------------------------------
---------------------------------------------------------------------------------
Start Writing Synthesis Report
---------------------------------------------------------------------------------

Report BlackBoxes: 
+-+--------------+----------+
| |BlackBox name |Instances |
+-+--------------+----------+
+-+--------------+----------+

Report Cell Usage: 
+------+---------+------+
|      |Cell     |Count |
+------+---------+------+
|1     |BUFG     |     2|
|2     |CARRY4   |    48|
|3     |DSP48E1  |     3|
|4     |LUT1     |     2|
|5     |LUT2     |    51|
|6     |LUT3     |    54|
|7     |LUT4     |    63|
|8     |LUT5     |   171|
|9     |LUT6     |   359|
|10    |MUXF7    |     7|
|11    |RAM32M   |    18|
|12    |RAM64X1S |    32|
|13    |FDCE     |    33|
|14    |FDRE     |   100|
|15    |IBUF     |    12|
|16    |OBUF     |    13|
+------+---------+------+

Report Instance Areas: 
+------+-------------------+-----------------+------+
|      |Instance           |Module           |Cells |
+------+-------------------+-----------------+------+
|1     |top                |                 |   968|
|2     |  bd               |button_debouncer |    20|
|3     |  clk_gen          |clk_gen          |    56|
|4     |  led_mux          |led_mux          |    29|
|5     |  mips_top         |mips_top         |   798|
|6     |    dmem           |dmem             |    32|
|7     |    mips           |mips             |   766|
|8     |      dp           |datapath         |   766|
|9     |        alu        |alu              |    12|
|10    |        movelo     |Mflo             |    32|
|11    |        multiply   |Multu            |    37|
|12    |        pc_plus_4  |adder            |    21|
|13    |        pc_plus_br |adder_0          |     8|
|14    |        pc_reg     |dreg             |   633|
|15    |        rf         |regfile          |    23|
+------+-------------------+-----------------+------+
---------------------------------------------------------------------------------
Finished Writing Synthesis Report : Time (s): cpu = 00:00:56 ; elapsed = 00:01:07 . Memory (MB): peak = 980.824 ; gain = 483.715
---------------------------------------------------------------------------------
Synthesis finished with 0 errors, 0 critical warnings and 1 warnings.
Synthesis Optimization Runtime : Time (s): cpu = 00:00:46 ; elapsed = 00:01:02 . Memory (MB): peak = 980.824 ; gain = 367.445
Synthesis Optimization Complete : Time (s): cpu = 00:00:56 ; elapsed = 00:01:07 . Memory (MB): peak = 980.824 ; gain = 483.715
INFO: [Project 1-571] Translating synthesized netlist
INFO: [Netlist 29-17] Analyzing 108 Unisim elements for replacement
INFO: [Netlist 29-28] Unisim Transformation completed in 0 CPU seconds
INFO: [Project 1-570] Preparing netlist for logic optimization
INFO: [Opt 31-138] Pushed 0 inverter(s) to 0 load pin(s).
Netlist sorting complete. Time (s): cpu = 00:00:00 ; elapsed = 00:00:00.001 . Memory (MB): peak = 980.824 ; gain = 0.000
INFO: [Project 1-111] Unisim Transformation Summary:
  A total of 50 instances were transformed.
  RAM32M => RAM32M (RAMD32, RAMD32, RAMD32, RAMD32, RAMD32, RAMD32, RAMS32, RAMS32): 18 instances
  RAM64X1S => RAM64X1S (RAMS64E): 32 instances

INFO: [Common 17-83] Releasing license: Synthesis
65 Infos, 7 Warnings, 0 Critical Warnings and 0 Errors encountered.
synth_design completed successfully
synth_design: Time (s): cpu = 00:01:04 ; elapsed = 00:01:19 . Memory (MB): peak = 980.824 ; gain = 693.832
Netlist sorting complete. Time (s): cpu = 00:00:00 ; elapsed = 00:00:00.001 . Memory (MB): peak = 980.824 ; gain = 0.000
WARNING: [Constraints 18-5210] No constraints selected for write.
Resolution: This message can indicate that there are no constraints for the design, or it can indicate that the used_in flags are set such that the constraints are ignored. This later case is used when running synth_design to not write synthesis constraints to the resulting checkpoint. Instead, project constraints are read when the synthesized design is opened.
INFO: [Common 17-1381] The checkpoint 'C:/Users/Bobby  Haus/lab5/lab5.runs/synth_1/mips_fpga.dcp' has been generated.
INFO: [runtcl-4] Executing : report_utilization -file mips_fpga_utilization_synth.rpt -pb mips_fpga_utilization_synth.pb
INFO: [Common 17-206] Exiting Vivado at Tue Nov 12 13:03:45 2019...
