#-----------------------------------------------------------
# Vivado v2019.1 (64-bit)
# SW Build 2552052 on Fri May 24 14:49:42 MDT 2019
# IP Build 2548770 on Fri May 24 18:01:18 MDT 2019
# Start of session at: Tue Nov 12 10:14:20 2019
# Process ID: 7904
# Current directory: C:/Users/Bobby  Haus/lab5
# Command line: vivado.exe -gui_launcher_event rodinguilauncherevent4892 C:\Users\Bobby  Haus\lab5\lab5.xpr
# Log file: C:/Users/Bobby  Haus/lab5/vivado.log
# Journal file: C:/Users/Bobby  Haus/lab5\vivado.jou
#-----------------------------------------------------------
start_gui
open_project {C:/Users/Bobby  Haus/lab5/lab5.xpr}
Scanning sources...
Finished scanning sources
INFO: [IP_Flow 19-234] Refreshing IP repositories
INFO: [IP_Flow 19-1704] No user IP repositories specified
INFO: [IP_Flow 19-2313] Loaded Vivado IP repository 'C:/Xilinx/Vivado/2019.1/data/ip'.
open_project: Time (s): cpu = 00:00:22 ; elapsed = 00:00:22 . Memory (MB): peak = 680.902 ; gain = 100.945
update_compile_order -fileset sources_1
close [ open {C:/Users/Bobby  Haus/lab5/lab5.srcs/sources_1/new/multu.v} w ]
add_files {{C:/Users/Bobby  Haus/lab5/lab5.srcs/sources_1/new/multu.v}}
update_compile_order -fileset sources_1
close [ open {C:/Users/Bobby  Haus/lab5/lab5.srcs/sources_1/new/Mflo.v} w ]
add_files {{C:/Users/Bobby  Haus/lab5/lab5.srcs/sources_1/new/Mflo.v}}
update_compile_order -fileset sources_1
close [ open {C:/Users/Bobby  Haus/lab5/lab5.srcs/sources_1/new/Mfhi.v} w ]
add_files {{C:/Users/Bobby  Haus/lab5/lab5.srcs/sources_1/new/Mfhi.v}}
update_compile_order -fileset sources_1
close [ open {C:/Users/Bobby  Haus/lab5/lab5.srcs/sources_1/new/shift_mux.v} w ]
add_files {{C:/Users/Bobby  Haus/lab5/lab5.srcs/sources_1/new/shift_mux.v}}
update_compile_order -fileset sources_1
launch_simulation
boost::filesystem::remove: The process cannot access the file because it is being used by another process: "C:/Users/Bobby  Haus/lab5/lab5.sim/sim_1/behav/xsim/simulate.log"
exit
INFO: [Common 17-206] Exiting Vivado at Tue Nov 12 11:07:04 2019...
